<?xml version="1.0" encoding="UTF-8"?>
<!-- Generated by org.testng.reporters.JUnitReportReporter -->
<testsuite name="Testcase.Test1" tests="2" time="66.139" ignored="0" failures="0" timestamp="31 May 2020 20:14:15 GMT" skipped="0" hostname="DESKTOP-IEC0DB0" errors="0">
  <testcase name="bookFilight" time="33.299" classname="Testcase.Test1"/>
  <testcase name="login" time="32.840" classname="Testcase.Test1"/>
</testsuite> <!-- Testcase.Test1 -->
